<?xml version="1.0" encoding="UTF-8"?>
<!-- Generated by org.testng.reporters.JUnitXMLReporter -->
<testsuite hostname="Dell" ignored="0" name="Test" tests="11" failures="0" timestamp="24 Sep 2020 05:49:06 GMT" time="14.938" errors="0">
  <testcase name="createNewUserWithDateValidation" time="6.991" classname="com.qa.xoriant.apiDemo.test.CreateUser"/>
  <testcase name="createNewUserWithDateValidation" time="0.886" classname="com.qa.xoriant.apiDemo.test.CreateUser"/>
  <testcase name="createNewUserWithIDValidation" time="0.93" classname="com.qa.xoriant.apiDemo.test.CreateUser"/>
  <testcase name="createNewUserWithIDValidation" time="1.029" classname="com.qa.xoriant.apiDemo.test.CreateUser"/>
  <testcase name="GetIDusingJsonPath" time="0.663" classname="com.qa.xoriant.apiDemo.test.ListUsers"/>
  <testcase name="GetfirstNamesingRestAssuredBodyMethod" time="0.676" classname="com.qa.xoriant.apiDemo.test.ListUsers"/>
  <testcase name="UserListReq" time="0.381" classname="com.qa.xoriant.apiDemo.test.ListUsers"/>
  <testcase name="UserListReqwithGiven" time="0.474" classname="com.qa.xoriant.apiDemo.test.ListUsers"/>
  <testcase name="CreateUser_FileWriter" time="1.026" classname="com.qa.xoriant.apiDemo.test.CreateUser_gson_jsonSimple"/>
  <testcase name="CreateUser_JsonParser_FileReader" time="0.918" classname="com.qa.xoriant.apiDemo.test.CreateUser_gson_jsonSimple"/>
  <testcase name="createUser_usingPOJOClassContructor" time="0.854" classname="com.qa.xoriant.apiDemo.test.CreateUser_gson_jsonSimple"/>
</testsuite> <!-- Test -->
