<?xml version="1.0" encoding="UTF-8"?>
<!-- Generated by org.testng.reporters.JUnitXMLReporter -->
<testsuite hostname="Dell" ignored="0" name="Test" tests="6" failures="0" timestamp="18 Sep 2020 16:28:07 GMT" time="9.566" errors="0">
  <testcase name="createNewUserWithDateValidation" time="6.707" classname="com.qa.xoriant.apiDemo.test.CreateUser"/>
  <testcase name="createNewUserWithIDValidation" time="0.767" classname="com.qa.xoriant.apiDemo.test.CreateUser"/>
  <testcase name="GetIDusingJsonPath" time="0.529" classname="com.qa.xoriant.apiDemo.test.ListUsers"/>
  <testcase name="GetfirstNamesingRestAssuredBodyMethod" time="0.577" classname="com.qa.xoriant.apiDemo.test.ListUsers"/>
  <testcase name="UserListReq" time="0.406" classname="com.qa.xoriant.apiDemo.test.ListUsers"/>
  <testcase name="UserListReqwithGiven" time="0.487" classname="com.qa.xoriant.apiDemo.test.ListUsers"/>
</testsuite> <!-- Test -->
